# vsim -voptargs="+acc" counter_top -coverage -sv_seed random -l sim.log 
# Start time: 18:51:58 on Sep 18,2025
# ** Note: (vsim-8009) Loading existing optimized design _opt
# Loading sv_std.std
# Loading work.counter_package(fast)
# Loading work.counter_top_sv_unit(fast)
# Loading work.counter_top(fast)
# Loading work.counter_if(fast__1)
# Loading work.counter(fast)
# Loading work.counter_sva(fast)
# Loading work.counter_tb_sv_unit(fast)
# Loading work.counter_tb(fast)
# Sv_Seed = 2072336585
# ** Error: invalid command name "run -all"
# Error in macro ./run.do line 6
# invalid command name "run -all"
#     while executing
# "run -all"
add wave -position insertpoint  \
sim:/counter_top/c_if/WIDTH \
sim:/counter_top/c_if/clk \
sim:/counter_top/c_if/rst_n \
sim:/counter_top/c_if/load_n \
sim:/counter_top/c_if/up_down \
sim:/counter_top/c_if/ce \
sim:/counter_top/c_if/data_load \
sim:/counter_top/c_if/count_out \
sim:/counter_top/c_if/max_count \
sim:/counter_top/c_if/zero
add wave /counter_top/inst_dut/assertion_inst/assert__load_on /counter_top/inst_dut/assertion_inst/assert__load_enable_off /counter_top/inst_dut/assertion_inst/assert__load_off_enable_on_up /counter_top/inst_dut/assertion_inst/assert__load_off_enable_on_down /counter_top/inst_dut/assertion_inst/assert__assert_reset /counter_top/inst_dut/assertion_inst/assert__max /counter_top/inst_dut/assertion_inst/assert__zero /counter_top/inst_test/#ublk#95084642#20/immed__22
run -all
# ** Note: $stop    : counter_tb.sv(32)
#    Time: 39998 ns  Iteration: 1  Instance: /counter_top/inst_test
# Break in Module counter_tb at counter_tb.sv line 32
# ** Error: Acs sdne.
# 
#        Unable to replace existing ini file (E:/Digital_course/verefication/session4/ASSAIGNMENT1/P3/f.mpf).  File can not be renamed.
# ** Error: Acs sdne.
# 
#        Unable to replace existing ini file (E:/Digital_course/verefication/session4/ASSAIGNMENT1/P3/f.mpf).  File can not be renamed.
# Saving coverage database on exit...
# End time: 19:23:53 on Sep 18,2025, Elapsed time: 0:31:55
# Errors: 3, Warnings: 2
# Closing project E:/Digital_course/verefication/session4/ASSAIGNMENT1/P3/f.mpf
# reading C:/questasim64_2021.1/win64/../modelsim.ini
# Loading project f
